<?xml version="1.0" encoding="utf-8"?><testsuites name="pytest tests"><testsuite name="pytest" errors="0" failures="0" skipped="0" tests="13" time="2.440" timestamp="2026-04-01T15:37:13.275279+00:00" hostname="agent-env-f5d8e77f-a2aa-4b6b-b4dc-6b3c6a9fc038"><testcase classname="backend.tests.test_villa_paris_v2.TestMeteoAPI" name="test_meteo_returns_weather_data" time="0.197" /><testcase classname="backend.tests.test_villa_paris_v2.TestMeteoAPI" name="test_meteo_worker_access" time="0.198" /><testcase classname="backend.tests.test_villa_paris_v2.TestMeteoAPI" name="test_meteo_default_date" time="0.092" /><testcase classname="backend.tests.test_villa_paris_v2.TestSuggerimentiAPI" name="test_suggerimenti_returns_frequent_visitors" time="0.428" /><testcase classname="backend.tests.test_villa_paris_v2.TestSuggerimentiAPI" name="test_suggerimenti_worker_access" time="0.186" /><testcase classname="backend.tests.test_villa_paris_v2.TestPresenzeVillaMeteo" name="test_post_presenze_with_meteo" time="0.249" /><testcase classname="backend.tests.test_villa_paris_v2.TestPresenzeVillaMeteo" name="test_get_presenze_includes_meteo" time="0.069" /><testcase classname="backend.tests.test_villa_paris_v2.TestPianoBAPI" name="test_save_piantina_with_piano_b" time="0.266" /><testcase classname="backend.tests.test_villa_paris_v2.TestPianoBAPI" name="test_get_event_includes_piano_b" time="0.073" /><testcase classname="backend.tests.test_villa_paris_v2.TestImperialTable" name="test_imperial_table_in_piantina" time="0.247" /><testcase classname="backend.tests.test_villa_paris_v2.TestVersion" name="test_app_shell_version" time="0.000" /><testcase classname="backend.tests.test_villa_paris_v2.TestMiddlewarePermissions" name="test_worker_can_access_meteo" time="0.234" /><testcase classname="backend.tests.test_villa_paris_v2.TestMiddlewarePermissions" name="test_worker_can_access_presenze_villa" time="0.018" /></testsuite></testsuites>