<?xml version="1.0" encoding="utf-8"?><testsuites name="pytest tests"><testsuite name="pytest" errors="0" failures="0" skipped="0" tests="12" time="0.169" timestamp="2026-02-11T08:31:51.895629+00:00" hostname="agent-env-7c0305ea-26ca-40eb-b7e3-b2c642eb7bda"><testcase classname="test_reports.backend_test.TestMenuBaseAPI" name="test_get_all_menus" time="0.005" /><testcase classname="test_reports.backend_test.TestMenuBaseAPI" name="test_create_menu" time="0.015" /><testcase classname="test_reports.backend_test.TestMenuBaseAPI" name="test_get_single_menu" time="0.007" /><testcase classname="test_reports.backend_test.TestMenuBaseAPI" name="test_update_menu" time="0.029" /><testcase classname="test_reports.backend_test.TestMenuBaseAPI" name="test_delete_menu" time="0.019" /><testcase classname="test_reports.backend_test.TestEventiAPI" name="test_get_all_eventi" time="0.004" /><testcase classname="test_reports.backend_test.TestEventiAPI" name="test_get_single_evento" time="0.006" /><testcase classname="test_reports.backend_test.TestClientiAPI" name="test_get_all_clienti" time="0.003" /><testcase classname="test_reports.backend_test.TestReportAPI" name="test_get_stats" time="0.004" /><testcase classname="test_reports.backend_test.TestVersioniAPI" name="test_get_versioni" time="0.003" /><testcase classname="test_reports.backend_test.TestVersioniAPI" name="test_get_versioni_with_evento" time="0.004" /><testcase classname="test_reports.backend_test.TestPiattiAPI" name="test_get_piatti" time="0.013" /></testsuite></testsuites>