<?xml version="1.0" encoding="utf-8"?><testsuites name="pytest tests"><testsuite name="pytest" errors="0" failures="0" skipped="0" tests="7" time="0.243" timestamp="2026-02-11T08:58:58.588216+00:00" hostname="agent-env-7c0305ea-26ca-40eb-b7e3-b2c642eb7bda"><testcase classname="test_reports.test_eventi_appuntamenti.TestEventiPOSTAPI" name="test_create_appuntamento_rapido" time="0.017" /><testcase classname="test_reports.test_eventi_appuntamenti.TestEventiPOSTAPI" name="test_create_evento_matrimonio" time="0.011" /><testcase classname="test_reports.test_eventi_appuntamenti.TestEventiPOSTAPI" name="test_create_evento_without_cognome" time="0.011" /><testcase classname="test_reports.test_eventi_appuntamenti.TestEventiPOSTAPI" name="test_create_evento_missing_cliente_name" time="0.003" /><testcase classname="test_reports.test_eventi_appuntamenti.TestEventiPUTAPI" name="test_update_evento_title" time="0.024" /><testcase classname="test_reports.test_eventi_appuntamenti.TestEventiPUTAPI" name="test_update_evento_stato" time="0.013" /><testcase classname="test_reports.test_eventi_appuntamenti.TestDashboardStats" name="test_get_eventi_for_dashboard_stats" time="0.054" /></testsuite></testsuites>