<?xml version="1.0" encoding="utf-8"?><testsuites name="pytest tests"><testsuite name="pytest" errors="0" failures="0" skipped="0" tests="16" time="1.170" timestamp="2026-03-20T17:13:41.185541+00:00" hostname="agent-env-2159171b-ee56-47da-9105-910229d99852"><testcase classname="backend.tests.test_fase3_report.TestReportStatsAPI" name="test_report_stats_week_period" time="0.194" /><testcase classname="backend.tests.test_fase3_report.TestReportStatsAPI" name="test_report_stats_month_period" time="0.072" /><testcase classname="backend.tests.test_fase3_report.TestReportStatsAPI" name="test_report_stats_year_period" time="0.028" /><testcase classname="backend.tests.test_fase3_report.TestReportStatsAPI" name="test_report_stats_filter_by_source" time="0.024" /><testcase classname="backend.tests.test_fase3_report.TestReportStatsAPI" name="test_report_stats_filter_by_operator" time="0.052" /><testcase classname="backend.tests.test_fase3_report.TestReportStatsAPI" name="test_report_stats_available_filters" time="0.030" /><testcase classname="backend.tests.test_fase3_report.TestReportExcelAPI" name="test_excel_export_returns_valid_file" time="0.307" /><testcase classname="backend.tests.test_fase3_report.TestReportExcelAPI" name="test_excel_export_week_period" time="0.075" /><testcase classname="backend.tests.test_fase3_report.TestReportExcelAPI" name="test_excel_export_year_period" time="0.094" /><testcase classname="backend.tests.test_fase3_report.TestDashboardIntegration" name="test_dashboard_events_api" time="0.027" /><testcase classname="backend.tests.test_fase3_report.TestDashboardIntegration" name="test_dashboard_auth_me_api" time="0.020" /><testcase classname="backend.tests.test_fase3_report.TestSpamPolicyConsistency" name="test_week_includes_spam_in_primary_count" time="0.023" /><testcase classname="backend.tests.test_fase3_report.TestSpamPolicyConsistency" name="test_month_excludes_spam_from_primary_count" time="0.028" /><testcase classname="backend.tests.test_fase3_report.TestSpamPolicyConsistency" name="test_year_excludes_spam_from_primary_count" time="0.040" /><testcase classname="backend.tests.test_fase3_report.TestUnauthorizedAccess" name="test_report_stats_requires_auth" time="0.012" /><testcase classname="backend.tests.test_fase3_report.TestUnauthorizedAccess" name="test_report_excel_requires_auth" time="0.009" /></testsuite></testsuites>