<?xml version="1.0" encoding="utf-8"?><testsuites name="pytest tests"><testsuite name="pytest" errors="0" failures="0" skipped="0" tests="13" time="2.955" timestamp="2026-03-09T13:18:07.021420+00:00" hostname="agent-env-d7b02fc7-9d33-439c-b3e7-9784ec986ed1"><testcase classname="backend.tests.test_villa_paris_api.TestDatabaseAPIs" name="test_clienti_api_returns_list" time="0.013" /><testcase classname="backend.tests.test_villa_paris_api.TestDatabaseAPIs" name="test_eventi_api_returns_list" time="0.008" /><testcase classname="backend.tests.test_villa_paris_api.TestEventiWithMultipleClienti" name="test_create_matrimonio_with_two_clients" time="0.017" /><testcase classname="backend.tests.test_villa_paris_api.TestEventiWithMultipleClienti" name="test_verify_two_separate_client_records_created" time="0.135" /><testcase classname="backend.tests.test_villa_paris_api.TestCanalePrimoContatto" name="test_canale_saved_on_evento" time="0.056" /><testcase classname="backend.tests.test_villa_paris_api.TestCanalePrimoContatto" name="test_all_canali_values" time="0.422" /><testcase classname="backend.tests.test_villa_paris_api.TestAppuntamentoRapido" name="test_create_appuntamento_with_canale" time="0.371" /><testcase classname="backend.tests.test_villa_paris_api.TestClienteFormNoSecondoContatto" name="test_create_client_without_secondo_contatto_fields" time="0.105" /><testcase classname="backend.tests.test_villa_paris_api.TestHealthAndNavigation" name="test_dashboard_loads" time="0.206" /><testcase classname="backend.tests.test_villa_paris_api.TestHealthAndNavigation" name="test_calendario_page_loads" time="0.084" /><testcase classname="backend.tests.test_villa_paris_api.TestHealthAndNavigation" name="test_nuovo_evento_page_loads" time="0.098" /><testcase classname="backend.tests.test_villa_paris_api.TestHealthAndNavigation" name="test_clienti_page_loads" time="0.080" /><testcase classname="backend.tests.test_villa_paris_api.TestHealthAndNavigation" name="test_report_page_loads" time="1.298" /></testsuite></testsuites>