<?xml version="1.0" encoding="utf-8"?><testsuites name="pytest tests"><testsuite name="pytest" errors="0" failures="0" skipped="0" tests="13" time="0.915" timestamp="2026-03-11T08:42:32.970747+00:00" hostname="agent-env-90475f71-a34b-454d-bc2b-bb674d171a02"><testcase classname="backend.tests.test_iteration9_audit.TestMenuBase" name="test_menu_base_list" time="0.020" /><testcase classname="backend.tests.test_iteration9_audit.TestMenuBase" name="test_menu_base_create_with_default_selected" time="0.155" /><testcase classname="backend.tests.test_iteration9_audit.TestMenuBase" name="test_menu_base_get_by_id" time="0.022" /><testcase classname="backend.tests.test_iteration9_audit.TestMenuEvento" name="test_evento_3_menu_structure" time="0.013" /><testcase classname="backend.tests.test_iteration9_audit.TestMenuEvento" name="test_evento_menu_save" time="0.185" /><testcase classname="backend.tests.test_iteration9_audit.TestStampeClienteNome" name="test_evento_3_has_valid_cliente_name" time="0.073" /><testcase classname="backend.tests.test_iteration9_audit.TestStampeClienteNome" name="test_evento_3_has_prezzo" time="0.068" /><testcase classname="backend.tests.test_iteration9_audit.TestClientiDataPrimoContatto" name="test_clienti_with_data_primo_contatto" time="0.025" /><testcase classname="backend.tests.test_iteration9_audit.TestClientiDataPrimoContatto" name="test_cliente_update_preserves_date" time="0.101" /><testcase classname="backend.tests.test_iteration9_audit.TestReportStats" name="test_report_stats_endpoint" time="0.069" /><testcase classname="backend.tests.test_iteration9_audit.TestReportStats" name="test_ricavi_uses_evento_prezzo" time="0.010" /><testcase classname="backend.tests.test_iteration9_audit.TestEventiAPI" name="test_eventi_list" time="0.016" /><testcase classname="backend.tests.test_iteration9_audit.TestEventiAPI" name="test_evento_3_data_integrity" time="0.010" /></testsuite></testsuites>