<?xml version="1.0" encoding="utf-8"?><testsuites name="pytest tests"><testsuite name="pytest" errors="0" failures="0" skipped="0" tests="12" time="3.747" timestamp="2026-03-09T12:47:50.928738+00:00" hostname="agent-env-d7b02fc7-9d33-439c-b3e7-9784ec986ed1"><testcase classname="backend.tests.test_villa_paris_api.TestHealthAndBasicAPIs" name="test_dashboard_loads" time="0.108" /><testcase classname="backend.tests.test_villa_paris_api.TestHealthAndBasicAPIs" name="test_clienti_api_list" time="0.013" /><testcase classname="backend.tests.test_villa_paris_api.TestHealthAndBasicAPIs" name="test_eventi_api_list" time="0.015" /><testcase classname="backend.tests.test_villa_paris_api.TestClientiCRUD" name="test_create_client_basic" time="0.017" /><testcase classname="backend.tests.test_villa_paris_api.TestClientiCRUD" name="test_create_client_with_secondo_contatto" time="0.060" /><testcase classname="backend.tests.test_villa_paris_api.TestClientiCRUD" name="test_create_client_requires_nome" time="0.029" /><testcase classname="backend.tests.test_villa_paris_api.TestClientiCRUD" name="test_get_client_by_id" time="0.120" /><testcase classname="backend.tests.test_villa_paris_api.TestClientiCRUD" name="test_update_client" time="0.091" /><testcase classname="backend.tests.test_villa_paris_api.TestClientiCRUD" name="test_delete_client" time="0.147" /><testcase classname="backend.tests.test_villa_paris_api.TestReportAPIs" name="test_report_stats_api" time="0.063" /><testcase classname="backend.tests.test_villa_paris_api.TestReportAPIs" name="test_report_excel_download" time="0.269" /><testcase classname="backend.tests.test_villa_paris_api.TestEventiAPI" name="test_eventi_list" time="2.680" /></testsuite></testsuites>