<?xml version="1.0" encoding="utf-8"?><testsuites name="pytest tests"><testsuite name="pytest" errors="0" failures="0" skipped="0" tests="16" time="2.864" timestamp="2026-03-20T15:15:51.092293+00:00" hostname="agent-env-90475f71-a34b-454d-bc2b-bb674d171a02"><testcase classname="backend.tests.test_fase1_appuntamenti.TestEventiAPIAfterSchemaExtension" name="test_get_eventi_list" time="0.030" /><testcase classname="backend.tests.test_fase1_appuntamenti.TestEventiAPIAfterSchemaExtension" name="test_get_single_evento" time="0.035" /><testcase classname="backend.tests.test_fase1_appuntamenti.TestAppuntamentiAPICRUD" name="test_post_appuntamento_creates_with_auto_cliente" time="0.144" /><testcase classname="backend.tests.test_fase1_appuntamenti.TestAppuntamentiAPICRUD" name="test_get_appuntamenti_list" time="0.031" /><testcase classname="backend.tests.test_fase1_appuntamenti.TestAppuntamentiAPICRUD" name="test_get_appuntamento_by_id" time="0.142" /><testcase classname="backend.tests.test_fase1_appuntamenti.TestAppuntamentiAPICRUD" name="test_put_appuntamento_patch_safe" time="0.499" /><testcase classname="backend.tests.test_fase1_appuntamenti.TestAppuntamentiAPICRUD" name="test_delete_appuntamento" time="0.201" /><testcase classname="backend.tests.test_fase1_appuntamenti.TestEventiPutPatchSafe" name="test_put_eventi_stato_only_preserves_other_fields" time="0.156" /><testcase classname="backend.tests.test_fase1_appuntamenti.TestClienteSpamSupport" name="test_create_cliente_with_spam_flag" time="0.572" /><testcase classname="backend.tests.test_fase1_appuntamenti.TestClienteSpamSupport" name="test_update_cliente_set_spam" time="0.222" /><testcase classname="backend.tests.test_fase1_appuntamenti.TestAuditLogAPI" name="test_get_audit_logs" time="0.464" /><testcase classname="backend.tests.test_fase1_appuntamenti.TestAuditLogAPI" name="test_audit_logs_contain_client_updates" time="0.011" /><testcase classname="backend.tests.test_fase1_appuntamenti.TestAuditLogAPI" name="test_audit_logs_contain_event_updates" time="0.015" /><testcase classname="backend.tests.test_fase1_appuntamenti.TestAuditLogAPI" name="test_audit_logs_contain_appointment_updates" time="0.012" /><testcase classname="backend.tests.test_fase1_appuntamenti.TestAppuntamentoDateOpzionate" name="test_create_appuntamento_with_date_opzionate" time="0.123" /><testcase classname="backend.tests.test_fase1_appuntamenti.TestAppuntamentoDateOpzionate" name="test_update_appuntamento_date_opzionate" time="0.152" /></testsuite></testsuites>