<?xml version="1.0" encoding="utf-8"?><testsuites name="pytest tests"><testsuite name="pytest" errors="0" failures="1" skipped="0" tests="30" time="14.421" timestamp="2026-03-10T15:36:23.001070+00:00" hostname="agent-env-90475f71-a34b-454d-bc2b-bb674d171a02"><testcase classname="backend.tests.test_piantina_features_iter7.TestPiantinaLibreria" name="test_get_piantine_returns_list" time="0.018" /><testcase classname="backend.tests.test_piantina_features_iter7.TestPiantinaLibreria" name="test_get_piantine_structure" time="0.012" /><testcase classname="backend.tests.test_piantina_features_iter7.TestPiantinaLibreria" name="test_post_planimetria_validation" time="0.015" /><testcase classname="backend.tests.test_piantina_features_iter7.TestRotazionePlanimetria" name="test_save_rotazione_immagine" time="0.226" /><testcase classname="backend.tests.test_piantina_features_iter7.TestTavoliDefaultDimensione" name="test_default_tavolo_size_in_code" time="0.915" /><testcase classname="backend.tests.test_piantina_features_iter7.TestGestionePostiTavolo" name="test_update_posti_tavolo" time="0.197" /><testcase classname="backend.tests.test_piantina_features_iter7.TestCopiaSchema" name="test_eventi_list_for_copia" time="0.066" /><testcase classname="backend.tests.test_piantina_features_iter7.TestExportFunctionality" name="test_evento_data_available_for_export" time="0.062" /><testcase classname="backend.tests.test_piantina_features_iter7.TestSalvataggioRegressione" name="test_save_complete_disposizione" time="0.146" /><testcase classname="backend.tests.test_villa_paris_api.TestDatabaseAPIs" name="test_clienti_api_returns_list" time="0.431" /><testcase classname="backend.tests.test_villa_paris_api.TestDatabaseAPIs" name="test_eventi_api_returns_list" time="0.024" /><testcase classname="backend.tests.test_villa_paris_api.TestEventiWithMultipleClienti" name="test_create_matrimonio_with_two_clients" time="0.033" /><testcase classname="backend.tests.test_villa_paris_api.TestEventiWithMultipleClienti" name="test_verify_two_separate_client_records_created" time="0.147" /><testcase classname="backend.tests.test_villa_paris_api.TestCanalePrimoContatto" name="test_canale_saved_on_evento" time="0.145" /><testcase classname="backend.tests.test_villa_paris_api.TestCanalePrimoContatto" name="test_all_canali_values" time="0.884"><failure message="AssertionError: Failed for canale=passaparola: &lt;!DOCTYPE html&gt;&lt;html&gt;&lt;head&gt;&lt;style data-next-hide-fouc=&quot;true&quot;&gt;body{display:none}&lt;/style&gt;&lt;noscript data-next-hide-fouc=&quot;true&quot;&gt;&lt;style&gt;body{display:block}&lt;/style&gt;&lt;/noscript&gt;&lt;meta charSet=&quot;utf-8&quot; data-next-head=&quot;&quot;/&gt;&lt;meta name=&quot;viewport&quot; content=&quot;width=device-width&quot; data-next-head=&quot;&quot;/&gt;&lt;noscript data-n-css=&quot;&quot;&gt;&lt;/noscript&gt;&lt;script defer=&quot;&quot; nomodule=&quot;&quot; src=&quot;/_next/static/chunks/polyfills.js&quot;&gt;&lt;/script&gt;&lt;script src=&quot;/_next/static/chunks/webpack.js&quot; defer=&quot;&quot;&gt;&lt;/script&gt;&lt;script src=&quot;/_next/static/chunks/main.js&quot; defer=&quot;&quot;&gt;&lt;/script&gt;&lt;script src=&quot;/_next/static/chunks/pages/_app.js&quot; defer=&quot;&quot;&gt;&lt;/script&gt;&lt;script src=&quot;/_next/static/chunks/pages/_error.js&quot; defer=&quot;&quot;&gt;&lt;/script&gt;&lt;script src=&quot;/_next/static/development/_buildManifest.js&quot; defer=&quot;&quot;&gt;&lt;/script&gt;&lt;script src=&quot;/_next/static/development/_ssgManifest.js&quot; defer=&quot;&quot;&gt;&lt;/script&gt;&lt;noscript id=&quot;__next_css__DO_NOT_USE__&quot;&gt;&lt;/noscript&gt;&lt;/head&gt;&lt;body&gt;&lt;div id=&quot;__next&quot;&gt;&lt;/div&gt;&lt;script src=&quot;/_next/static/chunks/react-refresh.js&quot;&gt;&lt;/script&gt;&lt;script id=&quot;__NEXT_DATA__&quot; type=&quot;application/json&quot;&gt;{&quot;props&quot;:{&quot;pageProps&quot;:{&quot;statusCode&quot;:500,&quot;hostname&quot;:&quot;localhost&quot;}},&quot;page&quot;:&quot;/_error&quot;,&quot;query&quot;:{},&quot;buildId&quot;:&quot;development&quot;,&quot;isFallback&quot;:false,&quot;err&quot;:{&quot;name&quot;:&quot;SyntaxError&quot;,&quot;source&quot;:&quot;server&quot;,&quot;message&quot;:&quot;Unexpected end of JSON input&quot;,&quot;stack&quot;:&quot;SyntaxError: Unexpected end of JSON input\n    at JSON.parse (\u003canonymous\u003e)\n    at loadManifest (/app/node_modules/next/dist/server/load-manifest.external.js:43:25)\n    at loadManifestFromRelativePath (/app/node_modules/next/dist/server/load-manifest.external.js:84:16)\n    at AppRouteRouteModule.loadManifests (/app/node_modules/next/dist/compiled/next-server/app-route.runtime.dev.js:1:164227)\n    at AppRouteRouteModule.prepare (/app/node_modules/next/dist/compiled/next-server/app-route.runtime.dev.js:1:171850)\n    at async handler (webpack-internal:///(rsc)/./node_modules/next/dist/build/webpack/loaders/next-app-loader/index.js?name=app%2Fapi%2Feventi%2Froute\u0026page=%2Fapi%2Feventi%2Froute\u0026appPaths=\u0026pagePath=private-next-app-dir%2Fapi%2Feventi%2Froute.ts\u0026appDir=%2Fapp%2Fsrc%2Fapp\u0026pageExtensions=tsx\u0026pageExtensions=ts\u0026pageExtensions=jsx\u0026pageExtensions=js\u0026rootDir=%2Fapp\u0026isDev=true\u0026tsconfigPath=tsconfig.json\u0026basePath=\u0026assetPrefix=\u0026nextConfigOutput=standalone\u0026preferredRegion=\u0026middlewareConfig=e30%3D\u0026isGlobalNotFoundEnabled=!:95:27)\n    at async DevServer.renderToResponseWithComponentsImpl (/app/node_modules/next/dist/server/base-server.js:1422:9)\n    at async DevServer.renderPageComponent (/app/node_modules/next/dist/server/base-server.js:1474:24)\n    at async DevServer.renderToResponseImpl (/app/node_modules/next/dist/server/base-server.js:1514:32)\n    at async DevServer.pipeImpl (/app/node_modules/next/dist/server/base-server.js:1025:25)\n    at async NextNodeServer.handleCatchallRenderRequest (/app/node_modules/next/dist/server/next-server.js:393:17)\n    at async DevServer.handleRequestImpl (/app/node_modules/next/dist/server/base-server.js:916:17)\n    at async /app/node_modules/next/dist/server/dev/next-dev-server.js:400:20\n    at async Span.traceAsyncFn (/app/node_modules/next/dist/trace/trace.js:157:20)\n    at async DevServer.handleRequest (/app/node_modules/next/dist/server/dev/next-dev-server.js:396:24)\n    at async invokeRender (/app/node_modules/next/dist/server/lib/router-server.js:240:21)\n    at async handleRequest (/app/node_modules/next/dist/server/lib/router-server.js:437:24)\n    at async requestHandlerImpl (/app/node_modules/next/dist/server/lib/router-server.js:485:13)\n    at async Server.requestListener (/app/node_modules/next/dist/server/lib/start-server.js:226:13)&quot;},&quot;gip&quot;:true,&quot;scriptLoader&quot;:[]}&lt;/script&gt;&lt;/body&gt;&lt;/html&gt;&#10;assert 500 == 200&#10; +  where 500 = &lt;Response [500]&gt;.status_code">backend/tests/test_villa_paris_api.py:208: in test_all_canali_values
    assert response.status_code == 200, f"Failed for canale={canale}: {response.text}"
E   AssertionError: Failed for canale=passaparola: &lt;!DOCTYPE html&gt;&lt;html&gt;&lt;head&gt;&lt;style data-next-hide-fouc="true"&gt;body{display:none}&lt;/style&gt;&lt;noscript data-next-hide-fouc="true"&gt;&lt;style&gt;body{display:block}&lt;/style&gt;&lt;/noscript&gt;&lt;meta charSet="utf-8" data-next-head=""/&gt;&lt;meta name="viewport" content="width=device-width" data-next-head=""/&gt;&lt;noscript data-n-css=""&gt;&lt;/noscript&gt;&lt;script defer="" nomodule="" src="/_next/static/chunks/polyfills.js"&gt;&lt;/script&gt;&lt;script src="/_next/static/chunks/webpack.js" defer=""&gt;&lt;/script&gt;&lt;script src="/_next/static/chunks/main.js" defer=""&gt;&lt;/script&gt;&lt;script src="/_next/static/chunks/pages/_app.js" defer=""&gt;&lt;/script&gt;&lt;script src="/_next/static/chunks/pages/_error.js" defer=""&gt;&lt;/script&gt;&lt;script src="/_next/static/development/_buildManifest.js" defer=""&gt;&lt;/script&gt;&lt;script src="/_next/static/development/_ssgManifest.js" defer=""&gt;&lt;/script&gt;&lt;noscript id="__next_css__DO_NOT_USE__"&gt;&lt;/noscript&gt;&lt;/head&gt;&lt;body&gt;&lt;div id="__next"&gt;&lt;/div&gt;&lt;script src="/_next/static/chunks/react-refresh.js"&gt;&lt;/script&gt;&lt;script id="__NEXT_DATA__" type="application/json"&gt;{"props":{"pageProps":{"statusCode":500,"hostname":"localhost"}},"page":"/_error","query":{},"buildId":"development","isFallback":false,"err":{"name":"SyntaxError","source":"server","message":"Unexpected end of JSON input","stack":"SyntaxError: Unexpected end of JSON input\n    at JSON.parse (\u003canonymous\u003e)\n    at loadManifest (/app/node_modules/next/dist/server/load-manifest.external.js:43:25)\n    at loadManifestFromRelativePath (/app/node_modules/next/dist/server/load-manifest.external.js:84:16)\n    at AppRouteRouteModule.loadManifests (/app/node_modules/next/dist/compiled/next-server/app-route.runtime.dev.js:1:164227)\n    at AppRouteRouteModule.prepare (/app/node_modules/next/dist/compiled/next-server/app-route.runtime.dev.js:1:171850)\n    at async handler (webpack-internal:///(rsc)/./node_modules/next/dist/build/webpack/loaders/next-app-loader/index.js?name=app%2Fapi%2Feventi%2Froute\u0026page=%2Fapi%2Feventi%2Froute\u0026appPaths=\u0026pagePath=private-next-app-dir%2Fapi%2Feventi%2Froute.ts\u0026appDir=%2Fapp%2Fsrc%2Fapp\u0026pageExtensions=tsx\u0026pageExtensions=ts\u0026pageExtensions=jsx\u0026pageExtensions=js\u0026rootDir=%2Fapp\u0026isDev=true\u0026tsconfigPath=tsconfig.json\u0026basePath=\u0026assetPrefix=\u0026nextConfigOutput=standalone\u0026preferredRegion=\u0026middlewareConfig=e30%3D\u0026isGlobalNotFoundEnabled=!:95:27)\n    at async DevServer.renderToResponseWithComponentsImpl (/app/node_modules/next/dist/server/base-server.js:1422:9)\n    at async DevServer.renderPageComponent (/app/node_modules/next/dist/server/base-server.js:1474:24)\n    at async DevServer.renderToResponseImpl (/app/node_modules/next/dist/server/base-server.js:1514:32)\n    at async DevServer.pipeImpl (/app/node_modules/next/dist/server/base-server.js:1025:25)\n    at async NextNodeServer.handleCatchallRenderRequest (/app/node_modules/next/dist/server/next-server.js:393:17)\n    at async DevServer.handleRequestImpl (/app/node_modules/next/dist/server/base-server.js:916:17)\n    at async /app/node_modules/next/dist/server/dev/next-dev-server.js:400:20\n    at async Span.traceAsyncFn (/app/node_modules/next/dist/trace/trace.js:157:20)\n    at async DevServer.handleRequest (/app/node_modules/next/dist/server/dev/next-dev-server.js:396:24)\n    at async invokeRender (/app/node_modules/next/dist/server/lib/router-server.js:240:21)\n    at async handleRequest (/app/node_modules/next/dist/server/lib/router-server.js:437:24)\n    at async requestHandlerImpl (/app/node_modules/next/dist/server/lib/router-server.js:485:13)\n    at async Server.requestListener (/app/node_modules/next/dist/server/lib/start-server.js:226:13)"},"gip":true,"scriptLoader":[]}&lt;/script&gt;&lt;/body&gt;&lt;/html&gt;
E   assert 500 == 200
E    +  where 500 = &lt;Response [500]&gt;.status_code</failure></testcase><testcase classname="backend.tests.test_villa_paris_api.TestAppuntamentoRapido" name="test_create_appuntamento_with_canale" time="0.043" /><testcase classname="backend.tests.test_villa_paris_api.TestClienteFormNoSecondoContatto" name="test_create_client_without_secondo_contatto_fields" time="0.069" /><testcase classname="backend.tests.test_villa_paris_api.TestHealthAndNavigation" name="test_dashboard_loads" time="0.281" /><testcase classname="backend.tests.test_villa_paris_api.TestHealthAndNavigation" name="test_calendario_page_loads" time="1.672" /><testcase classname="backend.tests.test_villa_paris_api.TestHealthAndNavigation" name="test_nuovo_evento_page_loads" time="1.048" /><testcase classname="backend.tests.test_villa_paris_api.TestHealthAndNavigation" name="test_clienti_page_loads" time="1.042" /><testcase classname="backend.tests.test_villa_paris_api.TestHealthAndNavigation" name="test_report_page_loads" time="3.747" /><testcase classname="backend.tests.test_villa_paris_features.TestCalendarioFeatures" name="test_get_eventi_for_calendar" time="0.084" /><testcase classname="backend.tests.test_villa_paris_features.TestCalendarioFeatures" name="test_eventi_have_required_fields_for_filters" time="0.019" /><testcase classname="backend.tests.test_villa_paris_features.TestNuovoEventoMenuEasy" name="test_create_evento_with_menu_easy_fields" time="0.101" /><testcase classname="backend.tests.test_villa_paris_features.TestPiantinaEvento" name="test_update_evento_with_disposizione_sala" time="0.124" /><testcase classname="backend.tests.test_villa_paris_features.TestReportExcel" name="test_excel_report_generation" time="1.868" /><testcase classname="backend.tests.test_villa_paris_features.TestReportExcel" name="test_excel_has_prezzo_persona_column" time="0.078" /><testcase classname="backend.tests.test_villa_paris_features.TestReportExcel" name="test_prezzo_fallback_from_menu" time="0.104" /><testcase classname="backend.tests.test_villa_paris_features.TestMenuBase" name="test_get_menu_base_list" time="0.732" /></testsuite></testsuites>