<?xml version="1.0" encoding="utf-8"?><testsuites name="pytest tests"><testsuite name="pytest" errors="0" failures="2" skipped="0" tests="15" time="10.876" timestamp="2026-03-24T14:11:53.292695+00:00" hostname="agent-env-2159171b-ee56-47da-9105-910229d99852"><testcase classname="backend.tests.test_villa_paris_iter18.TestAdminLogin" name="test_admin_login_success" time="0.078" /><testcase classname="backend.tests.test_villa_paris_iter18.TestAdminLogin" name="test_admin_login_wrong_password" time="0.167" /><testcase classname="backend.tests.test_villa_paris_iter18.TestAdminLogin" name="test_admin_login_missing_fields" time="0.019" /><testcase classname="backend.tests.test_villa_paris_iter18.TestPresenzeVillaAPI" name="test_get_presenze_empty" time="1.173" /><testcase classname="backend.tests.test_villa_paris_iter18.TestPresenzeVillaAPI" name="test_create_presenza" time="0.468" /><testcase classname="backend.tests.test_villa_paris_iter18.TestPresenzeVillaAPI" name="test_create_presenza_missing_field" time="0.269" /><testcase classname="backend.tests.test_villa_paris_iter18.TestPresenzeVillaAPI" name="test_delete_nonexistent_presenza" time="0.307" /><testcase classname="backend.tests.test_villa_paris_iter18.TestPresenzeVillaAPI" name="test_get_presenze_week_mode" time="0.204" /><testcase classname="backend.tests.test_villa_paris_iter18.TestAppuntamentiAPI" name="test_get_appuntamenti_list" time="0.212" /><testcase classname="backend.tests.test_villa_paris_iter18.TestAppuntamentiAPI" name="test_get_appuntamento_detail" time="0.316" /><testcase classname="backend.tests.test_villa_paris_iter18.TestAuthMe" name="test_auth_me_authenticated" time="0.202" /><testcase classname="backend.tests.test_villa_paris_iter18.TestAuthMe" name="test_auth_me_unauthenticated" time="0.016" /><testcase classname="backend.tests.test_villa_paris_iter18.TestEventiAPI" name="test_get_eventi_list" time="5.429"><failure message="assert 500 == 200&#10; +  where 500 = &lt;Response [500]&gt;.status_code">backend/tests/test_villa_paris_iter18.py:227: in test_get_eventi_list
    assert response.status_code == 200
E   assert 500 == 200
E    +  where 500 = &lt;Response [500]&gt;.status_code</failure></testcase><testcase classname="backend.tests.test_villa_paris_iter18.TestReportStatsAPI" name="test_get_report_stats" time="1.537"><failure message="assert 500 == 200&#10; +  where 500 = &lt;Response [500]&gt;.status_code">backend/tests/test_villa_paris_iter18.py:249: in test_get_report_stats
    assert response.status_code == 200
E   assert 500 == 200
E    +  where 500 = &lt;Response [500]&gt;.status_code</failure></testcase><testcase classname="backend.tests.test_villa_paris_iter18.TestReportStatsAPI" name="test_get_report_eventi_stats" time="0.244" /></testsuite></testsuites>