<?xml version="1.0" encoding="utf-8"?><testsuites name="pytest tests"><testsuite name="pytest" errors="0" failures="0" skipped="0" tests="7" time="0.292" timestamp="2026-03-11T09:44:38.034462+00:00" hostname="agent-env-90475f71-a34b-454d-bc2b-bb674d171a02"><testcase classname="backend.tests.test_iteration10_features.TestPianimetrieAPI" name="test_get_planimetrie_list" time="0.020" /><testcase classname="backend.tests.test_iteration10_features.TestPianimetrieAPI" name="test_planimetria_nome_truncation" time="0.014" /><testcase classname="backend.tests.test_iteration10_features.TestPianimetrieAPI" name="test_delete_planimetria_api" time="0.040" /><testcase classname="backend.tests.test_iteration10_features.TestEventiAPI" name="test_get_event_with_disposizione" time="0.014" /><testcase classname="backend.tests.test_iteration10_features.TestEventiAPI" name="test_eventi_list_for_schema_copy" time="0.020" /><testcase classname="backend.tests.test_iteration10_features.TestReportAPI" name="test_report_stats_endpoint" time="0.014" /><testcase classname="backend.tests.test_iteration10_features.TestExportEndpoints" name="test_piantina_page_loads" time="0.121" /></testsuite></testsuites>