<?xml version="1.0" encoding="utf-8"?><testsuites name="pytest tests"><testsuite name="pytest" errors="0" failures="0" skipped="0" tests="18" time="4.747" timestamp="2026-04-17T08:58:21.723079+00:00" hostname="agent-env-f5d8e77f-a2aa-4b6b-b4dc-6b3c6a9fc038"><testcase classname="backend.tests.test_google_calendar_integration.TestGoogleCalendarAuth" name="test_admin_login_success" time="0.124" /><testcase classname="backend.tests.test_google_calendar_integration.TestGoogleCalendarAuth" name="test_worker_login_success" time="0.111" /><testcase classname="backend.tests.test_google_calendar_integration.TestGoogleCalendarSyncStatus" name="test_sync_status_returns_connected_false" time="0.085" /><testcase classname="backend.tests.test_google_calendar_integration.TestGoogleCalendarSyncStatus" name="test_sync_status_admin_only" time="0.127" /><testcase classname="backend.tests.test_google_calendar_integration.TestGoogleCalendarOAuthLogin" name="test_oauth_login_returns_google_url" time="0.085" /><testcase classname="backend.tests.test_google_calendar_integration.TestGoogleCalendarOAuthLogin" name="test_oauth_login_admin_only" time="0.127" /><testcase classname="backend.tests.test_google_calendar_integration.TestGoogleCalendarSyncPost" name="test_sync_post_returns_error_when_not_connected" time="0.079" /><testcase classname="backend.tests.test_google_calendar_integration.TestGoogleCalendarSyncPost" name="test_sync_post_admin_only" time="0.122" /><testcase classname="backend.tests.test_google_calendar_integration.TestGoogleCalendarCheckChanges" name="test_check_changes_returns_error_when_not_connected" time="0.079" /><testcase classname="backend.tests.test_google_calendar_integration.TestGoogleCalendarCheckChanges" name="test_check_changes_admin_only" time="0.121" /><testcase classname="backend.tests.test_google_calendar_integration.TestGoogleCalendarValidateChange" name="test_validate_change_returns_400_for_invalid_params" time="1.912" /><testcase classname="backend.tests.test_google_calendar_integration.TestGoogleCalendarValidateChange" name="test_validate_change_returns_404_for_nonexistent_change" time="0.077" /><testcase classname="backend.tests.test_google_calendar_integration.TestGoogleCalendarValidateChange" name="test_validate_change_admin_only" time="0.113" /><testcase classname="backend.tests.test_google_calendar_integration.TestGoogleCalendarDisconnect" name="test_disconnect_succeeds_even_when_not_connected" time="0.078" /><testcase classname="backend.tests.test_google_calendar_integration.TestGoogleCalendarDisconnect" name="test_disconnect_admin_only" time="0.113" /><testcase classname="backend.tests.test_google_calendar_integration.TestOAuthCallbackBypassesAuth" name="test_oauth_callback_accessible_without_auth" time="1.146" /><testcase classname="backend.tests.test_google_calendar_integration.TestReportRoleAccess" name="test_report_cannot_access_sync_status" time="0.065" /><testcase classname="backend.tests.test_google_calendar_integration.TestReportRoleAccess" name="test_report_cannot_access_oauth_login" time="0.062" /></testsuite></testsuites>