<?xml version="1.0" encoding="utf-8"?><testsuites name="pytest tests"><testsuite name="pytest" errors="0" failures="0" skipped="0" tests="27" time="3.242" timestamp="2026-03-25T10:10:32.180122+00:00" hostname="agent-env-2159171b-ee56-47da-9105-910229d99852"><testcase classname="backend.tests.test_report_role_iter20.TestReportRolePermissions" name="test_report_login_success" time="0.142" /><testcase classname="backend.tests.test_report_role_iter20.TestReportRolePermissions" name="test_report_blocked_on_clienti_api" time="0.128" /><testcase classname="backend.tests.test_report_role_iter20.TestReportRolePermissions" name="test_report_blocked_on_eventi_api" time="0.039" /><testcase classname="backend.tests.test_report_role_iter20.TestReportRolePermissions" name="test_report_blocked_on_appuntamenti_api" time="0.035" /><testcase classname="backend.tests.test_report_role_iter20.TestReportRolePermissions" name="test_report_blocked_on_presenze_villa_post" time="0.036" /><testcase classname="backend.tests.test_report_role_iter20.TestReportRolePermissions" name="test_report_blocked_on_users_api" time="0.007" /><testcase classname="backend.tests.test_report_role_iter20.TestReportRolePermissions" name="test_report_can_access_report_stats" time="0.036" /><testcase classname="backend.tests.test_report_role_iter20.TestReportRolePermissions" name="test_report_can_access_audit" time="0.032" /><testcase classname="backend.tests.test_report_role_iter20.TestFirstContactLogic" name="test_first_contact_date_is_today_for_future_appointment" time="0.455" /><testcase classname="backend.tests.test_report_role_iter20.TestFirstContactLogic" name="test_first_contact_appears_in_calendar_data" time="0.097" /><testcase classname="backend.tests.test_report_role_iter20.TestReportPagesIntact" name="test_report_stats_api_works" time="0.219" /><testcase classname="backend.tests.test_report_role_iter20.TestReportPagesIntact" name="test_report_stats_with_filters" time="0.097" /><testcase classname="backend.tests.test_report_role_iter20.TestReportPagesIntact" name="test_report_user_can_access_report_stats" time="0.201" /><testcase classname="backend.tests.test_report_role_iter20.TestReportPagesIntact" name="test_eventi_api_for_report_eventi" time="0.410" /><testcase classname="backend.tests.test_report_role_iter20.TestMiddlewareRedirects" name="test_report_blocked_on_clienti_page" time="0.073" /><testcase classname="backend.tests.test_report_role_iter20.TestMiddlewareRedirects" name="test_report_blocked_on_eventi_page" time="0.077" /><testcase classname="backend.tests.test_report_role_iter20.TestMiddlewareRedirects" name="test_report_blocked_on_appuntamenti_page" time="0.062" /><testcase classname="backend.tests.test_report_role_iter20.TestMiddlewareRedirects" name="test_report_blocked_on_utenti_page" time="0.014" /><testcase classname="backend.tests.test_report_role_iter20.TestMiddlewareRedirects" name="test_report_blocked_on_impostazioni_page" time="0.010" /><testcase classname="backend.tests.test_report_role_iter20.TestMiddlewareRedirects" name="test_report_blocked_on_menu_base_page" time="0.006" /><testcase classname="backend.tests.test_report_role_iter20.TestMiddlewareRedirects" name="test_report_can_access_dashboard" time="0.082" /><testcase classname="backend.tests.test_report_role_iter20.TestMiddlewareRedirects" name="test_report_can_access_calendario" time="0.132" /><testcase classname="backend.tests.test_report_role_iter20.TestMiddlewareRedirects" name="test_report_can_access_rapportini" time="0.314" /><testcase classname="backend.tests.test_report_role_iter20.TestMiddlewareRedirects" name="test_report_can_access_report_azienda" time="0.202" /><testcase classname="backend.tests.test_report_role_iter20.TestMiddlewareRedirects" name="test_report_can_access_report_eventi" time="0.102" /><testcase classname="backend.tests.test_report_role_iter20.TestMiddlewareRedirects" name="test_report_can_access_stampe" time="0.090" /><testcase classname="backend.tests.test_report_role_iter20.TestMiddlewareRedirects" name="test_report_can_access_audit" time="0.079" /></testsuite></testsuites>