<?xml version="1.0" encoding="utf-8"?><testsuites name="pytest tests"><testsuite name="pytest" errors="0" failures="0" skipped="1" tests="11" time="4.601" timestamp="2026-03-24T15:16:57.509555+00:00" hostname="agent-env-2159171b-ee56-47da-9105-910229d99852"><testcase classname="backend.tests.test_delete_user_iter19.TestDeleteUserFeature" name="test_create_user_success" time="0.466" /><testcase classname="backend.tests.test_delete_user_iter19.TestDeleteUserFeature" name="test_delete_clean_user_success" time="0.300" /><testcase classname="backend.tests.test_delete_user_iter19.TestDeleteUserFeature" name="test_delete_self_blocked" time="0.037" /><testcase classname="backend.tests.test_delete_user_iter19.TestDeleteUserFeature" name="test_delete_last_admin_blocked" time="0.777"><skipped type="pytest.skip" message="Original admin has linked data, cannot test last admin deletion">/app/backend/tests/test_delete_user_iter19.py:163: Original admin has linked data, cannot test last admin deletion</skipped></testcase><testcase classname="backend.tests.test_delete_user_iter19.TestDeleteUserFeature" name="test_delete_user_with_linked_data_blocked" time="0.056" /><testcase classname="backend.tests.test_delete_user_iter19.TestDeleteUserFeature" name="test_toggle_active_no_regression" time="0.441" /><testcase classname="backend.tests.test_delete_user_iter19.TestDeleteUserFeature" name="test_reset_password_no_regression" time="1.817" /><testcase classname="backend.tests.test_delete_user_iter19.TestDeleteUserFeature" name="test_change_role_no_regression" time="0.525" /><testcase classname="backend.tests.test_delete_user_iter19.TestDeleteUserFeature" name="test_get_users_list" time="0.058" /><testcase classname="backend.tests.test_delete_user_iter19.TestDeleteUserFeature" name="test_delete_nonexistent_user" time="0.019" /><testcase classname="backend.tests.test_delete_user_iter19.TestDeleteUserFeature" name="test_delete_without_id" time="0.023" /></testsuite></testsuites>