<?xml version="1.0" encoding="utf-8"?><testsuites name="pytest tests"><testsuite name="pytest" errors="0" failures="0" skipped="0" tests="34" time="8.094" timestamp="2026-03-20T16:02:18.758276+00:00" hostname="agent-env-90475f71-a34b-454d-bc2b-bb674d171a02"><testcase classname="backend.tests.test_fase2_auth.TestAuthLogin" name="test_login_admin_success" time="0.147" /><testcase classname="backend.tests.test_fase2_auth.TestAuthLogin" name="test_login_missing_fields" time="0.097" /><testcase classname="backend.tests.test_fase2_auth.TestAuthLogin" name="test_login_invalid_credentials" time="0.098" /><testcase classname="backend.tests.test_fase2_auth.TestAuthLogin" name="test_login_nonexistent_user" time="0.020" /><testcase classname="backend.tests.test_fase2_auth.TestAuthMe" name="test_me_without_token_returns_401" time="0.008" /><testcase classname="backend.tests.test_fase2_auth.TestAuthMe" name="test_me_with_valid_token_returns_user" time="0.128" /><testcase classname="backend.tests.test_fase2_auth.TestAuthLogout" name="test_logout_clears_session" time="1.188" /><testcase classname="backend.tests.test_fase2_auth.TestUserManagementAPI" name="test_get_users_as_admin" time="0.549" /><testcase classname="backend.tests.test_fase2_auth.TestUserManagementAPI" name="test_get_users_as_worker_returns_403" time="0.272" /><testcase classname="backend.tests.test_fase2_auth.TestUserManagementAPI" name="test_get_users_as_report_returns_403" time="0.244" /><testcase classname="backend.tests.test_fase2_auth.TestUserManagementAPI" name="test_get_users_without_auth_returns_401" time="0.007" /><testcase classname="backend.tests.test_fase2_auth.TestUserManagementAPI" name="test_create_user_as_admin" time="0.058" /><testcase classname="backend.tests.test_fase2_auth.TestUserManagementAPI" name="test_create_user_as_worker_returns_403" time="0.023" /><testcase classname="backend.tests.test_fase2_auth.TestUserManagementAPI" name="test_update_user_role_as_admin" time="0.264" /><testcase classname="backend.tests.test_fase2_auth.TestUserManagementAPI" name="test_toggle_user_active_status" time="0.184" /><testcase classname="backend.tests.test_fase2_auth.TestAuditAPIAccess" name="test_audit_as_admin_returns_200" time="0.497" /><testcase classname="backend.tests.test_fase2_auth.TestAuditAPIAccess" name="test_audit_as_report_returns_200" time="0.027" /><testcase classname="backend.tests.test_fase2_auth.TestAuditAPIAccess" name="test_audit_as_worker_returns_403" time="0.009" /><testcase classname="backend.tests.test_fase2_auth.TestAuditAPIAccess" name="test_audit_without_auth_returns_401" time="0.007" /><testcase classname="backend.tests.test_fase2_auth.TestAuditAPIAccess" name="test_audit_filter_by_entity_type" time="0.016" /><testcase classname="backend.tests.test_fase2_auth.TestReportAPIAccess" name="test_report_stats_as_admin" time="0.520" /><testcase classname="backend.tests.test_fase2_auth.TestReportAPIAccess" name="test_report_stats_as_report" time="0.020" /><testcase classname="backend.tests.test_fase2_auth.TestReportAPIAccess" name="test_report_stats_as_worker_returns_403" time="0.007" /><testcase classname="backend.tests.test_fase2_auth.TestReportAPIAccess" name="test_report_xlsx_as_admin" time="1.434" /><testcase classname="backend.tests.test_fase2_auth.TestReportAPIAccess" name="test_report_xlsx_as_worker_returns_403" time="0.007" /><testcase classname="backend.tests.test_fase2_auth.TestWorkerAllowedAPIs" name="test_worker_can_access_eventi" time="0.499" /><testcase classname="backend.tests.test_fase2_auth.TestWorkerAllowedAPIs" name="test_worker_can_access_clienti" time="0.153" /><testcase classname="backend.tests.test_fase2_auth.TestWorkerAllowedAPIs" name="test_worker_can_access_menu_base" time="0.500" /><testcase classname="backend.tests.test_fase2_auth.TestWorkerAllowedAPIs" name="test_worker_can_access_appuntamenti" time="0.518" /><testcase classname="backend.tests.test_fase2_auth.TestWorkerAllowedAPIs" name="test_worker_can_access_auth_me" time="0.024" /><testcase classname="backend.tests.test_fase2_auth.TestNonRegressionFase1" name="test_appuntamenti_crud_still_works" time="0.017" /><testcase classname="backend.tests.test_fase2_auth.TestNonRegressionFase1" name="test_eventi_api_with_auth" time="0.028" /><testcase classname="backend.tests.test_fase2_auth.TestNonRegressionFase1" name="test_clienti_api_with_auth" time="0.031" /><testcase classname="backend.tests.test_fase2_auth.TestCleanup" name="test_cleanup_test_users" time="0.394" /></testsuite></testsuites>